A:\ANA\INFGRAF\IG-13-14\GC1314\ESQUELETO\FREEGLUT PROJECT 3D VS12\FREEGLUT PROJECT 3D\DEBUG\MAIN1.OBJ
A:\ANA\INFGRAF\IG-13-14\GC1314\ESQUELETO\FREEGLUT PROJECT 3D VS12\FREEGLUT PROJECT 3D\DEBUG\SCENE1.OBJ
A:\ANA\INFGRAF\IG-13-14\GC1314\ESQUELETO\FREEGLUT PROJECT 3D VS12\FREEGLUT PROJECT 3D\DEBUG\VC110.PDB
A:\ANA\INFGRAF\IG-13-14\GC1314\ESQUELETO\FREEGLUT PROJECT 3D VS12\DEBUG\FREEGLUT PROJECT 3D.ILK
A:\ANA\INFGRAF\IG-13-14\GC1314\ESQUELETO\FREEGLUT PROJECT 3D VS12\DEBUG\FREEGLUT PROJECT 3D.EXE
A:\ANA\INFGRAF\IG-13-14\GC1314\ESQUELETO\FREEGLUT PROJECT 3D VS12\DEBUG\FREEGLUT PROJECT 3D.PDB
A:\Ana\InfGraf\IG-13-14\GC1314\esqueleto\freeglut project 3D vs12\freeglut project 3D\Debug\main1.obj
A:\Ana\InfGraf\IG-13-14\GC1314\esqueleto\freeglut project 3D vs12\freeglut project 3D\Debug\scene1.obj
A:\Ana\InfGraf\IG-13-14\GC1314\esqueleto\freeglut project 3D vs12\freeglut project 3D\Debug\cl.command.1.tlog
A:\Ana\InfGraf\IG-13-14\GC1314\esqueleto\freeglut project 3D vs12\freeglut project 3D\Debug\CL.read.1.tlog
A:\Ana\InfGraf\IG-13-14\GC1314\esqueleto\freeglut project 3D vs12\freeglut project 3D\Debug\CL.write.1.tlog
A:\Ana\InfGraf\IG-13-14\GC1314\esqueleto\freeglut project 3D vs12\freeglut project 3D\Debug\link-cvtres.read.1.tlog
A:\Ana\InfGraf\IG-13-14\GC1314\esqueleto\freeglut project 3D vs12\freeglut project 3D\Debug\link-cvtres.write.1.tlog
A:\Ana\InfGraf\IG-13-14\GC1314\esqueleto\freeglut project 3D vs12\freeglut project 3D\Debug\link-rc.read.1.tlog
A:\Ana\InfGraf\IG-13-14\GC1314\esqueleto\freeglut project 3D vs12\freeglut project 3D\Debug\link-rc.write.1.tlog
A:\Ana\InfGraf\IG-13-14\GC1314\esqueleto\freeglut project 3D vs12\freeglut project 3D\Debug\link.command.1.tlog
A:\Ana\InfGraf\IG-13-14\GC1314\esqueleto\freeglut project 3D vs12\freeglut project 3D\Debug\link.read.1.tlog
A:\Ana\InfGraf\IG-13-14\GC1314\esqueleto\freeglut project 3D vs12\freeglut project 3D\Debug\link.write.1.tlog
A:\Ana\InfGraf\IG-13-14\GC1314\esqueleto\freeglut project 3D vs12\freeglut project 3D\Debug\vc110.idb
A:\Ana\InfGraf\IG-13-14\GC1314\esqueleto\freeglut project 3D vs12\freeglut project 3D\Debug\vc110.pdb
A:\Ana\InfGraf\IG-13-14\GC1314\esqueleto\freeglut project 3D vs12\Debug\freeglut project 3D.pdb
A:\Ana\InfGraf\IG-13-14\GC1314\esqueleto\freeglut project 3D vs12\Debug\freeglut project 3D.exe
A:\Ana\InfGraf\IG-13-14\GC1314\esqueleto\freeglut project 3D vs12\Debug\freeglut project 3D.ilk
