A:\ANA\INFGRAF\IG-13-14\GC1314\ESQUELETO\FREEGLUT PROJECT 3D VS12\FREEGLUT PROJECT 3D\RELEASE\SCENE1.OBJ
A:\ANA\INFGRAF\IG-13-14\GC1314\ESQUELETO\FREEGLUT PROJECT 3D VS12\FREEGLUT PROJECT 3D\RELEASE\MAIN1.OBJ
A:\ANA\INFGRAF\IG-13-14\GC1314\ESQUELETO\FREEGLUT PROJECT 3D VS12\FREEGLUT PROJECT 3D\RELEASE\VC110.PDB
A:\ANA\INFGRAF\IG-13-14\GC1314\ESQUELETO\FREEGLUT PROJECT 3D VS12\RELEASE\FREEGLUT PROJECT 3D.EXE
A:\ANA\INFGRAF\IG-13-14\GC1314\ESQUELETO\FREEGLUT PROJECT 3D VS12\RELEASE\FREEGLUT PROJECT 3D.PDB
A:\Ana\InfGraf\IG-13-14\GC1314\esqueleto\freeglut project 3D vs12\freeglut project 3D\Release\main1.obj
A:\Ana\InfGraf\IG-13-14\GC1314\esqueleto\freeglut project 3D vs12\freeglut project 3D\Release\scene1.obj
A:\Ana\InfGraf\IG-13-14\GC1314\esqueleto\freeglut project 3D vs12\freeglut project 3D\Release\cl.command.1.tlog
A:\Ana\InfGraf\IG-13-14\GC1314\esqueleto\freeglut project 3D vs12\freeglut project 3D\Release\CL.read.1.tlog
A:\Ana\InfGraf\IG-13-14\GC1314\esqueleto\freeglut project 3D vs12\freeglut project 3D\Release\CL.write.1.tlog
A:\Ana\InfGraf\IG-13-14\GC1314\esqueleto\freeglut project 3D vs12\freeglut project 3D\Release\link-cvtres.read.1.tlog
A:\Ana\InfGraf\IG-13-14\GC1314\esqueleto\freeglut project 3D vs12\freeglut project 3D\Release\link-cvtres.write.1.tlog
A:\Ana\InfGraf\IG-13-14\GC1314\esqueleto\freeglut project 3D vs12\freeglut project 3D\Release\link-rc.read.1.tlog
A:\Ana\InfGraf\IG-13-14\GC1314\esqueleto\freeglut project 3D vs12\freeglut project 3D\Release\link-rc.write.1.tlog
A:\Ana\InfGraf\IG-13-14\GC1314\esqueleto\freeglut project 3D vs12\freeglut project 3D\Release\link.command.1.tlog
A:\Ana\InfGraf\IG-13-14\GC1314\esqueleto\freeglut project 3D vs12\freeglut project 3D\Release\link.read.1.tlog
A:\Ana\InfGraf\IG-13-14\GC1314\esqueleto\freeglut project 3D vs12\freeglut project 3D\Release\link.write.1.tlog
A:\Ana\InfGraf\IG-13-14\GC1314\esqueleto\freeglut project 3D vs12\freeglut project 3D\Release\vc110.pdb
A:\Ana\InfGraf\IG-13-14\GC1314\esqueleto\freeglut project 3D vs12\Release\freeglut project 3D.pdb
A:\Ana\InfGraf\IG-13-14\GC1314\esqueleto\freeglut project 3D vs12\Release\freeglut project 3D.exe
